-------------------------------------------------------------------------------
Test set: com.eventosapp.SuarepublicaApplicationTests
-------------------------------------------------------------------------------
Tests run: 1, Failures: 0, Errors: 1, Skipped: 0, Time elapsed: 0.459 s <<< FAILURE! - in com.eventosapp.SuarepublicaApplicationTests
initializationError(com.eventosapp.SuarepublicaApplicationTests)  Time elapsed: 0.008 s  <<< ERROR!
java.lang.IllegalStateException: Unable to find a @SpringBootConfiguration, you need to use @ContextConfiguration or @SpringBootTest(classes=...) with your test

